#! /c/Source/iverilog-install/bin/vvp
:ivl_version "12.0 (devel)" "(s20150603-1539-g2693dd32b)";
:ivl_delay_selection "TYPICAL";
:vpi_time_precision + 0;
:vpi_module "C:\iverilog\lib\ivl\system.vpi";
:vpi_module "C:\iverilog\lib\ivl\vhdl_sys.vpi";
:vpi_module "C:\iverilog\lib\ivl\vhdl_textio.vpi";
:vpi_module "C:\iverilog\lib\ivl\v2005_math.vpi";
:vpi_module "C:\iverilog\lib\ivl\va_math.vpi";
S_000002858ad98380 .scope module, "Q3_tb" "Q3_tb" 2 1;
 .timescale 0 0;
v000002858ae9e4a0_0 .var "clk", 0 0;
v000002858ae9e540_0 .net "d5_s", 0 0, v000002858ad96030_0;  1 drivers
v000002858ae9e5e0_0 .var "num", 0 0;
S_000002858ad991c0 .scope module, "q3" "Q3" 2 10, 3 1 0, S_000002858ad98380;
 .timescale 0 0;
    .port_info 0 /INPUT 1 "clk";
    .port_info 1 /INPUT 1 "num";
    .port_info 2 /OUTPUT 1 "d5_s";
P_000002858ad99350 .param/l "IDLE" 0 3 8, C4<000>;
P_000002858ad99388 .param/l "s_1" 0 3 9, C4<001>;
P_000002858ad993c0 .param/l "s_2" 0 3 10, C4<010>;
P_000002858ad993f8 .param/l "s_3" 0 3 11, C4<011>;
P_000002858ad99430 .param/l "s_4" 0 3 12, C4<100>;
v000002858ae9a460_0 .net "clk", 0 0, v000002858ae9e4a0_0;  1 drivers
v000002858ae9bdc0_0 .var "curr_state", 2 0;
v000002858ad96030_0 .var "d5_s", 0 0;
v000002858ae9e360_0 .var "next_state", 2 0;
v000002858ae9e400_0 .net "num", 0 0, v000002858ae9e5e0_0;  1 drivers
E_000002858ad96ba0 .event posedge, v000002858ae9a460_0;
    .scope S_000002858ad991c0;
T_0 ;
    %pushi/vec4 0, 0, 3;
    %store/vec4 v000002858ae9bdc0_0, 0, 3;
    %pushi/vec4 0, 0, 1;
    %store/vec4 v000002858ad96030_0, 0, 1;
    %end;
    .thread T_0;
    .scope S_000002858ad991c0;
T_1 ;
    %wait E_000002858ad96ba0;
    %load/vec4 v000002858ae9bdc0_0;
    %dup/vec4;
    %pushi/vec4 0, 0, 3;
    %cmp/u;
    %jmp/1 T_1.0, 6;
    %pushi/vec4 0, 0, 1;
    %store/vec4 v000002858ad96030_0, 0, 1;
    %jmp T_1.2;
T_1.0 ;
    %pushi/vec4 1, 0, 1;
    %store/vec4 v000002858ad96030_0, 0, 1;
    %jmp T_1.2;
T_1.2 ;
    %pop/vec4 1;
    %jmp T_1;
    .thread T_1;
    .scope S_000002858ad991c0;
T_2 ;
    %wait E_000002858ad96ba0;
    %load/vec4 v000002858ae9bdc0_0;
    %dup/vec4;
    %pushi/vec4 0, 0, 3;
    %cmp/u;
    %jmp/1 T_2.0, 6;
    %dup/vec4;
    %pushi/vec4 1, 0, 3;
    %cmp/u;
    %jmp/1 T_2.1, 6;
    %dup/vec4;
    %pushi/vec4 2, 0, 3;
    %cmp/u;
    %jmp/1 T_2.2, 6;
    %dup/vec4;
    %pushi/vec4 3, 0, 3;
    %cmp/u;
    %jmp/1 T_2.3, 6;
    %dup/vec4;
    %pushi/vec4 4, 0, 3;
    %cmp/u;
    %jmp/1 T_2.4, 6;
    %pushi/vec4 0, 0, 3;
    %store/vec4 v000002858ae9e360_0, 0, 3;
    %jmp T_2.6;
T_2.0 ;
    %load/vec4 v000002858ae9e400_0;
    %flag_set/vec4 8;
    %jmp/0xz  T_2.7, 8;
    %pushi/vec4 1, 0, 3;
    %store/vec4 v000002858ae9e360_0, 0, 3;
    %jmp T_2.8;
T_2.7 ;
    %pushi/vec4 0, 0, 3;
    %store/vec4 v000002858ae9e360_0, 0, 3;
T_2.8 ;
    %jmp T_2.6;
T_2.1 ;
    %load/vec4 v000002858ae9e400_0;
    %flag_set/vec4 8;
    %jmp/0xz  T_2.9, 8;
    %pushi/vec4 3, 0, 3;
    %store/vec4 v000002858ae9e360_0, 0, 3;
    %jmp T_2.10;
T_2.9 ;
    %pushi/vec4 4, 0, 3;
    %store/vec4 v000002858ae9e360_0, 0, 3;
T_2.10 ;
    %jmp T_2.6;
T_2.2 ;
    %load/vec4 v000002858ae9e400_0;
    %flag_set/vec4 8;
    %jmp/0xz  T_2.11, 8;
    %pushi/vec4 2, 0, 3;
    %store/vec4 v000002858ae9e360_0, 0, 3;
    %jmp T_2.12;
T_2.11 ;
    %pushi/vec4 1, 0, 3;
    %store/vec4 v000002858ae9e360_0, 0, 3;
T_2.12 ;
    %jmp T_2.6;
T_2.3 ;
    %load/vec4 v000002858ae9e400_0;
    %flag_set/vec4 8;
    %jmp/0xz  T_2.13, 8;
    %pushi/vec4 4, 0, 3;
    %store/vec4 v000002858ae9e360_0, 0, 3;
    %jmp T_2.14;
T_2.13 ;
    %pushi/vec4 2, 0, 3;
    %store/vec4 v000002858ae9e360_0, 0, 3;
T_2.14 ;
    %jmp T_2.6;
T_2.4 ;
    %load/vec4 v000002858ae9e400_0;
    %flag_set/vec4 8;
    %jmp/0xz  T_2.15, 8;
    %pushi/vec4 0, 0, 3;
    %store/vec4 v000002858ae9e360_0, 0, 3;
    %jmp T_2.16;
T_2.15 ;
    %pushi/vec4 3, 0, 3;
    %store/vec4 v000002858ae9e360_0, 0, 3;
T_2.16 ;
    %jmp T_2.6;
T_2.6 ;
    %pop/vec4 1;
    %load/vec4 v000002858ae9e360_0;
    %store/vec4 v000002858ae9bdc0_0, 0, 3;
    %jmp T_2;
    .thread T_2;
    .scope S_000002858ad98380;
T_3 ;
    %delay 5, 0;
    %load/vec4 v000002858ae9e4a0_0;
    %inv;
    %store/vec4 v000002858ae9e4a0_0, 0, 1;
    %jmp T_3;
    .thread T_3;
    .scope S_000002858ad98380;
T_4 ;
    %vpi_call 2 19 "$dumpfile", "Q3.vcd" {0 0 0};
    %vpi_call 2 20 "$dumpvars" {0 0 0};
    %pushi/vec4 0, 0, 1;
    %store/vec4 v000002858ae9e4a0_0, 0, 1;
    %pushi/vec4 1, 0, 1;
    %store/vec4 v000002858ae9e5e0_0, 0, 1;
    %delay 10, 0;
    %pushi/vec4 0, 0, 1;
    %assign/vec4 v000002858ae9e5e0_0, 0;
    %vpi_call 2 26 "$display", "Input : %b , Output : %b", v000002858ae9e5e0_0, v000002858ae9e540_0 {0 0 0};
    %delay 10, 0;
    %pushi/vec4 1, 0, 1;
    %assign/vec4 v000002858ae9e5e0_0, 0;
    %vpi_call 2 30 "$display", "Input : %b , Output : %b", v000002858ae9e5e0_0, v000002858ae9e540_0 {0 0 0};
    %delay 10, 0;
    %pushi/vec4 0, 0, 1;
    %assign/vec4 v000002858ae9e5e0_0, 0;
    %vpi_call 2 34 "$display", "Input : %b , Output : %b", v000002858ae9e5e0_0, v000002858ae9e540_0 {0 0 0};
    %delay 10, 0;
    %pushi/vec4 1, 0, 1;
    %assign/vec4 v000002858ae9e5e0_0, 0;
    %vpi_call 2 38 "$display", "Input : %b , Output : %b", v000002858ae9e5e0_0, v000002858ae9e540_0 {0 0 0};
    %delay 10, 0;
    %vpi_call 2 41 "$display", "Input : %b , Output : %b", v000002858ae9e5e0_0, v000002858ae9e540_0 {0 0 0};
    %vpi_call 2 43 "$finish" {0 0 0};
    %end;
    .thread T_4;
# The file index is used to find the file name in the following table.
:file_names 4;
    "N/A";
    "<interactive>";
    "./Q3_tb.v";
    "./Q3.v";
